<?xml version="1.0" encoding="UTF-8"?>
<TestRun id="40a7ef35-d8c9-409e-8bd2-b59dd71de627" name="Student@10266A-GEN-DEV 2022-06-29 05:39:25" runUser="10266A-GEN-DEV\Student" xmlns="http://microsoft.com/schemas/VisualStudio/TeamTest/2010">
  <TestSettings name="Local" id="947f455c-0ffd-4088-ab69-a8d0fd81f18c">
    <Description>These are default test settings for a local test run.</Description>
    <Deployment enabled="false" runDeploymentRoot="Student_10266A-GEN-DEV 2022-06-29 05_39_25">
      <DeploymentItem filename="E:\Labfiles\Lab 6\Ex3\Starter\StressTest\bin\Debug\StressTest.dll" />
    </Deployment>
    <Execution>
      <TestTypeSpecific />
      <AgentRule name="Execution Agents">
      </AgentRule>
    </Execution>
  </TestSettings>
  <Times creation="2022-06-29T05:39:25.1982422-07:00" queuing="2022-06-29T05:39:25.2539062-07:00" start="2022-06-29T05:39:25.2636718-07:00" finish="2022-06-29T05:39:25.3691406-07:00" />
  <ResultSummary outcome="Completed">
    <Counters total="5" executed="5" passed="5" error="0" failed="0" timeout="0" aborted="0" inconclusive="0" passedButRunAborted="0" notRunnable="0" notExecuted="0" disconnected="0" warning="0" completed="0" inProgress="0" pending="0" />
  </ResultSummary>
  <TestDefinitions>
    <UnitTest name="ToStringTest" storage="e:\labfiles\lab 6\ex3\starter\classes unit test project\bin\debug\unit tests for module 6.dll" id="31fb5f85-762e-6967-40f4-c52200bfb2ba">
      <Execution id="ade2fdab-6bbd-4bc0-8bc7-dfd5c61ed2d6" />
      <TestMethod codeBase="E:/Labfiles/Lab 6/Ex3/Starter/Classes Unit Test Project/bin/Debug/Unit Tests for Module 6.DLL" adapterTypeName="Microsoft.VisualStudio.TestTools.TestTypes.Unit.UnitTestAdapter, Microsoft.VisualStudio.QualityTools.Tips.UnitTest.Adapter, Version=10.0.0.0, Culture=neutral, PublicKeyToken=b03f5f7f11d50a3a" className="Lab6UnitTests.StressTestCaseTest, Unit Tests for Module 6, Version=1.0.0.0, Culture=neutral, PublicKeyToken=null" name="ToStringTest" />
    </UnitTest>
    <UnitTest name="StressTestCaseConstructorTest" storage="e:\labfiles\lab 6\ex3\starter\classes unit test project\bin\debug\unit tests for module 6.dll" id="1f359600-5dde-4b23-acc3-108cfa5c5af8">
      <Execution id="e3e94bd0-9a17-4431-8ec0-fb4544c16d14" />
      <TestMethod codeBase="E:/Labfiles/Lab 6/Ex3/Starter/Classes Unit Test Project/bin/Debug/Unit Tests for Module 6.DLL" adapterTypeName="Microsoft.VisualStudio.TestTools.TestTypes.Unit.UnitTestAdapter, Microsoft.VisualStudio.QualityTools.Tips.UnitTest.Adapter, Version=10.0.0.0, Culture=neutral, PublicKeyToken=b03f5f7f11d50a3a" className="Lab6UnitTests.StressTestCaseTest, Unit Tests for Module 6, Version=1.0.0.0, Culture=neutral, PublicKeyToken=null" name="StressTestCaseConstructorTest" />
    </UnitTest>
    <UnitTest name="StressTestCaseConstructorTest1" storage="e:\labfiles\lab 6\ex3\starter\classes unit test project\bin\debug\unit tests for module 6.dll" id="6793f6b4-affe-54ca-81da-544f41857e8c">
      <Execution id="3316d095-0213-476c-b06e-74191a158143" />
      <TestMethod codeBase="E:/Labfiles/Lab 6/Ex3/Starter/Classes Unit Test Project/bin/Debug/Unit Tests for Module 6.DLL" adapterTypeName="Microsoft.VisualStudio.TestTools.TestTypes.Unit.UnitTestAdapter, Microsoft.VisualStudio.QualityTools.Tips.UnitTest.Adapter, Version=10.0.0.0, Culture=neutral, PublicKeyToken=b03f5f7f11d50a3a" className="Lab6UnitTests.StressTestCaseTest, Unit Tests for Module 6, Version=1.0.0.0, Culture=neutral, PublicKeyToken=null" name="StressTestCaseConstructorTest1" />
    </UnitTest>
    <UnitTest name="GetStressTestResultTest" storage="e:\labfiles\lab 6\ex3\starter\classes unit test project\bin\debug\unit tests for module 6.dll" id="c11e7c1d-309d-7cbc-9c73-7685ecb0262b">
      <Execution id="1295a743-c677-4f9f-924d-9e525e74b2be" />
      <TestMethod codeBase="E:/Labfiles/Lab 6/Ex3/Starter/Classes Unit Test Project/bin/Debug/Unit Tests for Module 6.DLL" adapterTypeName="Microsoft.VisualStudio.TestTools.TestTypes.Unit.UnitTestAdapter, Microsoft.VisualStudio.QualityTools.Tips.UnitTest.Adapter, Version=10.0.0.0, Culture=neutral, PublicKeyToken=b03f5f7f11d50a3a" className="Lab6UnitTests.StressTestCaseTest, Unit Tests for Module 6, Version=1.0.0.0, Culture=neutral, PublicKeyToken=null" name="GetStressTestResultTest" />
    </UnitTest>
    <UnitTest name="PerformStressTestTest" storage="e:\labfiles\lab 6\ex3\starter\classes unit test project\bin\debug\unit tests for module 6.dll" id="59439859-1717-0e5d-97d8-5e039d880f03">
      <Execution id="41d9e202-9ea7-4718-b938-ea27603129d4" />
      <TestMethod codeBase="E:/Labfiles/Lab 6/Ex3/Starter/Classes Unit Test Project/bin/Debug/Unit Tests for Module 6.DLL" adapterTypeName="Microsoft.VisualStudio.TestTools.TestTypes.Unit.UnitTestAdapter, Microsoft.VisualStudio.QualityTools.Tips.UnitTest.Adapter, Version=10.0.0.0, Culture=neutral, PublicKeyToken=b03f5f7f11d50a3a" className="Lab6UnitTests.StressTestCaseTest, Unit Tests for Module 6, Version=1.0.0.0, Culture=neutral, PublicKeyToken=null" name="PerformStressTestTest" />
    </UnitTest>
  </TestDefinitions>
  <TestLists>
    <TestList name="Results Not in a List" id="8c84fa94-04c1-424b-9868-57a2d4851a1d" />
    <TestList name="All Loaded Results" id="19431567-8539-422a-85d7-44ee4e166bda" />
  </TestLists>
  <TestEntries>
    <TestEntry testId="1f359600-5dde-4b23-acc3-108cfa5c5af8" executionId="e3e94bd0-9a17-4431-8ec0-fb4544c16d14" testListId="8c84fa94-04c1-424b-9868-57a2d4851a1d" />
    <TestEntry testId="31fb5f85-762e-6967-40f4-c52200bfb2ba" executionId="ade2fdab-6bbd-4bc0-8bc7-dfd5c61ed2d6" testListId="8c84fa94-04c1-424b-9868-57a2d4851a1d" />
    <TestEntry testId="59439859-1717-0e5d-97d8-5e039d880f03" executionId="41d9e202-9ea7-4718-b938-ea27603129d4" testListId="8c84fa94-04c1-424b-9868-57a2d4851a1d" />
    <TestEntry testId="6793f6b4-affe-54ca-81da-544f41857e8c" executionId="3316d095-0213-476c-b06e-74191a158143" testListId="8c84fa94-04c1-424b-9868-57a2d4851a1d" />
    <TestEntry testId="c11e7c1d-309d-7cbc-9c73-7685ecb0262b" executionId="1295a743-c677-4f9f-924d-9e525e74b2be" testListId="8c84fa94-04c1-424b-9868-57a2d4851a1d" />
  </TestEntries>
  <Results>
    <UnitTestResult executionId="e3e94bd0-9a17-4431-8ec0-fb4544c16d14" testId="1f359600-5dde-4b23-acc3-108cfa5c5af8" testName="StressTestCaseConstructorTest" computerName="10266A-GEN-DEV" duration="00:00:00.0085156" startTime="2022-06-29T05:39:25.2695312-07:00" endTime="2022-06-29T05:39:25.3544922-07:00" testType="13cdc9d9-ddb5-4fa4-a97d-d965ccfc6d4b" outcome="Passed" testListId="8c84fa94-04c1-424b-9868-57a2d4851a1d" relativeResultsDirectory="e3e94bd0-9a17-4431-8ec0-fb4544c16d14">
    </UnitTestResult>
    <UnitTestResult executionId="ade2fdab-6bbd-4bc0-8bc7-dfd5c61ed2d6" testId="31fb5f85-762e-6967-40f4-c52200bfb2ba" testName="ToStringTest" computerName="10266A-GEN-DEV" duration="00:00:00.0002632" startTime="2022-06-29T05:39:25.3544922-07:00" endTime="2022-06-29T05:39:25.3574218-07:00" testType="13cdc9d9-ddb5-4fa4-a97d-d965ccfc6d4b" outcome="Passed" testListId="8c84fa94-04c1-424b-9868-57a2d4851a1d" relativeResultsDirectory="ade2fdab-6bbd-4bc0-8bc7-dfd5c61ed2d6">
    </UnitTestResult>
    <UnitTestResult executionId="41d9e202-9ea7-4718-b938-ea27603129d4" testId="59439859-1717-0e5d-97d8-5e039d880f03" testName="PerformStressTestTest" computerName="10266A-GEN-DEV" duration="00:00:00.0003499" startTime="2022-06-29T05:39:25.3574218-07:00" endTime="2022-06-29T05:39:25.3593750-07:00" testType="13cdc9d9-ddb5-4fa4-a97d-d965ccfc6d4b" outcome="Passed" testListId="8c84fa94-04c1-424b-9868-57a2d4851a1d" relativeResultsDirectory="41d9e202-9ea7-4718-b938-ea27603129d4">
    </UnitTestResult>
    <UnitTestResult executionId="3316d095-0213-476c-b06e-74191a158143" testId="6793f6b4-affe-54ca-81da-544f41857e8c" testName="StressTestCaseConstructorTest1" computerName="10266A-GEN-DEV" duration="00:00:00.0001029" startTime="2022-06-29T05:39:25.3593750-07:00" endTime="2022-06-29T05:39:25.3623047-07:00" testType="13cdc9d9-ddb5-4fa4-a97d-d965ccfc6d4b" outcome="Passed" testListId="8c84fa94-04c1-424b-9868-57a2d4851a1d" relativeResultsDirectory="3316d095-0213-476c-b06e-74191a158143">
    </UnitTestResult>
    <UnitTestResult executionId="1295a743-c677-4f9f-924d-9e525e74b2be" testId="c11e7c1d-309d-7cbc-9c73-7685ecb0262b" testName="GetStressTestResultTest" computerName="10266A-GEN-DEV" duration="00:00:00.0000835" startTime="2022-06-29T05:39:25.3623047-07:00" endTime="2022-06-29T05:39:25.3632812-07:00" testType="13cdc9d9-ddb5-4fa4-a97d-d965ccfc6d4b" outcome="Passed" testListId="8c84fa94-04c1-424b-9868-57a2d4851a1d" relativeResultsDirectory="1295a743-c677-4f9f-924d-9e525e74b2be">
    </UnitTestResult>
  </Results>
</TestRun>