<?xml version="1.0" encoding="UTF-8"?>
<TestRun id="bf916cc0-b6ae-4938-800e-7b5c6bb38246" name="Student@10266A-GEN-DEV 2022-06-28 11:14:08" runUser="10266A-GEN-DEV\Student" xmlns="http://microsoft.com/schemas/VisualStudio/TeamTest/2010">
  <TestSettings name="Local" id="4dd7fd1f-d3b2-487b-a23e-3447ef46e116">
    <Description>These are default test settings for a local test run.</Description>
    <Deployment enabled="false" runDeploymentRoot="Student_10266A-GEN-DEV 2022-06-28 11_14_08">
      <DeploymentItem filename="E:\Labfiles\Lab 3\Ex1\Starter\GreatestCommonDivisor\bin\Debug\Module3.exe" />
    </Deployment>
    <Execution>
      <TestTypeSpecific />
      <AgentRule name="Execution Agents">
      </AgentRule>
    </Execution>
  </TestSettings>
  <Times creation="2022-06-28T11:14:08.7890625-07:00" queuing="2022-06-28T11:14:09.3632812-07:00" start="2022-06-28T11:14:09.3857422-07:00" finish="2022-06-28T11:14:09.5234375-07:00" />
  <ResultSummary outcome="Inconclusive">
    <Counters total="1" executed="1" error="0" failed="0" timeout="0" aborted="0" inconclusive="1" passedButRunAborted="0" notRunnable="0" notExecuted="0" disconnected="0" warning="0" passed="0" completed="0" inProgress="0" pending="0" />
  </ResultSummary>
  <TestDefinitions>
    <UnitTest name="FindGCDEuclidTest" storage="e:\labfiles\lab 3\ex1\starter\gcd test project\bin\debug\gcd test project.dll" id="67d06ec2-a81d-a48a-4bd7-d6a5d20f3438">
      <Execution id="a95a45e8-57ba-441e-af7d-232ce96e3d98" />
      <TestMethod codeBase="E:/Labfiles/Lab 3/Ex1/Starter/GCD Test Project/bin/Debug/GCD Test Project.DLL" adapterTypeName="Microsoft.VisualStudio.TestTools.TestTypes.Unit.UnitTestAdapter, Microsoft.VisualStudio.QualityTools.Tips.UnitTest.Adapter, Version=10.0.0.0, Culture=neutral, PublicKeyToken=b03f5f7f11d50a3a" className="GCD_Test_Project.GCDAlgorithmsTest, GCD Test Project, Version=1.0.0.0, Culture=neutral, PublicKeyToken=null" name="FindGCDEuclidTest" />
    </UnitTest>
  </TestDefinitions>
  <TestLists>
    <TestList name="Results Not in a List" id="8c84fa94-04c1-424b-9868-57a2d4851a1d" />
    <TestList name="All Loaded Results" id="19431567-8539-422a-85d7-44ee4e166bda" />
  </TestLists>
  <TestEntries>
    <TestEntry testId="67d06ec2-a81d-a48a-4bd7-d6a5d20f3438" executionId="a95a45e8-57ba-441e-af7d-232ce96e3d98" testListId="8c84fa94-04c1-424b-9868-57a2d4851a1d" />
  </TestEntries>
  <Results>
    <UnitTestResult executionId="a95a45e8-57ba-441e-af7d-232ce96e3d98" testId="67d06ec2-a81d-a48a-4bd7-d6a5d20f3438" testName="FindGCDEuclidTest" computerName="10266A-GEN-DEV" duration="00:00:00.0134091" startTime="2022-06-28T11:14:09.3964843-07:00" endTime="2022-06-28T11:14:09.5068359-07:00" testType="13cdc9d9-ddb5-4fa4-a97d-d965ccfc6d4b" outcome="Inconclusive" testListId="8c84fa94-04c1-424b-9868-57a2d4851a1d" relativeResultsDirectory="a95a45e8-57ba-441e-af7d-232ce96e3d98">
      <Output>
        <ErrorInfo>
          <Message>Assert.Inconclusive failed. Verify the correctness of this test method.</Message>
          <StackTrace>   at GCD_Test_Project.GCDAlgorithmsTest.FindGCDEuclidTest() in E:\Labfiles\Lab 3\Ex1\Starter\GCD Test Project\GCDAlgorithmsTest.cs:line 79
</StackTrace>
        </ErrorInfo>
      </Output>
    </UnitTestResult>
  </Results>
</TestRun>