<?xml version="1.0" encoding="UTF-8"?>
<TestRun id="3cff79ee-4f88-4903-a432-82a007d43bdc" name="Student@10266A-GEN-DEV 2022-06-29 03:33:43" runUser="10266A-GEN-DEV\Student" xmlns="http://microsoft.com/schemas/VisualStudio/TeamTest/2010">
  <TestSettings name="Local" id="ec544e03-20d0-4280-bdbf-9f992f5801fd">
    <Description>These are default test settings for a local test run.</Description>
    <Deployment enabled="false" runDeploymentRoot="Student_10266A-GEN-DEV 2022-06-29 03_33_43">
      <DeploymentItem filename="E:\Labfiles\Lab 4\Ex2\Starter\MatrixMultiplication\bin\Debug\MatrixMultiplication.exe" />
    </Deployment>
    <Execution>
      <TestTypeSpecific />
      <AgentRule name="Execution Agents">
      </AgentRule>
    </Execution>
  </TestSettings>
  <Times creation="2022-06-29T03:33:43.1132812-07:00" queuing="2022-06-29T03:33:43.1162109-07:00" start="2022-06-29T03:33:43.1201172-07:00" finish="2022-06-29T03:33:43.2285156-07:00" />
  <ResultSummary outcome="Failed">
    <Counters total="3" executed="3" passed="2" error="0" failed="1" timeout="0" aborted="0" inconclusive="0" passedButRunAborted="0" notRunnable="0" notExecuted="0" disconnected="0" warning="0" completed="0" inProgress="0" pending="0" />
  </ResultSummary>
  <TestDefinitions>
    <UnitTest name="MatrixMultiplyTest1" storage="e:\labfiles\lab 4\ex2\starter\matrix unit test project\bin\debug\module 4 unit test project.dll" id="0f679c2e-619a-fab9-64a5-dcb018921581">
      <Execution id="c901e884-5d26-4249-be21-efa870e0cde3" />
      <TestMethod codeBase="E:/Labfiles/Lab 4/Ex2/Starter/Matrix Unit Test Project/bin/Debug/Module 4 Unit Test Project.DLL" adapterTypeName="Microsoft.VisualStudio.TestTools.TestTypes.Unit.UnitTestAdapter, Microsoft.VisualStudio.QualityTools.Tips.UnitTest.Adapter, Version=10.0.0.0, Culture=neutral, PublicKeyToken=b03f5f7f11d50a3a" className="Lab4UnitTests.MatrixTest, Module 4 Unit Test Project, Version=1.0.0.0, Culture=neutral, PublicKeyToken=null" name="MatrixMultiplyTest1" />
    </UnitTest>
    <UnitTest name="MatrixMultiplyTest3" storage="e:\labfiles\lab 4\ex2\starter\matrix unit test project\bin\debug\module 4 unit test project.dll" id="48bb4ce0-916f-fd78-cb24-8c67a8d2a76b">
      <Execution id="e096d203-b50b-4e31-8290-9d962b3766ec" />
      <TestMethod codeBase="E:/Labfiles/Lab 4/Ex2/Starter/Matrix Unit Test Project/bin/Debug/Module 4 Unit Test Project.DLL" adapterTypeName="Microsoft.VisualStudio.TestTools.TestTypes.Unit.UnitTestAdapter, Microsoft.VisualStudio.QualityTools.Tips.UnitTest.Adapter, Version=10.0.0.0, Culture=neutral, PublicKeyToken=b03f5f7f11d50a3a" className="Lab4UnitTests.MatrixTest, Module 4 Unit Test Project, Version=1.0.0.0, Culture=neutral, PublicKeyToken=null" name="MatrixMultiplyTest3" />
    </UnitTest>
    <UnitTest name="MatrixMultiplyTest2" storage="e:\labfiles\lab 4\ex2\starter\matrix unit test project\bin\debug\module 4 unit test project.dll" id="16e12141-9207-2540-ef3e-b656cbc6231c">
      <Execution id="1e09e20a-1394-4bf6-aa12-f4439909e671" />
      <TestMethod codeBase="E:/Labfiles/Lab 4/Ex2/Starter/Matrix Unit Test Project/bin/Debug/Module 4 Unit Test Project.DLL" adapterTypeName="Microsoft.VisualStudio.TestTools.TestTypes.Unit.UnitTestAdapter, Microsoft.VisualStudio.QualityTools.Tips.UnitTest.Adapter, Version=10.0.0.0, Culture=neutral, PublicKeyToken=b03f5f7f11d50a3a" className="Lab4UnitTests.MatrixTest, Module 4 Unit Test Project, Version=1.0.0.0, Culture=neutral, PublicKeyToken=null" name="MatrixMultiplyTest2" />
    </UnitTest>
  </TestDefinitions>
  <TestLists>
    <TestList name="Results Not in a List" id="8c84fa94-04c1-424b-9868-57a2d4851a1d" />
    <TestList name="All Loaded Results" id="19431567-8539-422a-85d7-44ee4e166bda" />
  </TestLists>
  <TestEntries>
    <TestEntry testId="0f679c2e-619a-fab9-64a5-dcb018921581" executionId="c901e884-5d26-4249-be21-efa870e0cde3" testListId="8c84fa94-04c1-424b-9868-57a2d4851a1d" />
    <TestEntry testId="16e12141-9207-2540-ef3e-b656cbc6231c" executionId="1e09e20a-1394-4bf6-aa12-f4439909e671" testListId="8c84fa94-04c1-424b-9868-57a2d4851a1d" />
    <TestEntry testId="48bb4ce0-916f-fd78-cb24-8c67a8d2a76b" executionId="e096d203-b50b-4e31-8290-9d962b3766ec" testListId="8c84fa94-04c1-424b-9868-57a2d4851a1d" />
  </TestEntries>
  <Results>
    <UnitTestResult executionId="c901e884-5d26-4249-be21-efa870e0cde3" testId="0f679c2e-619a-fab9-64a5-dcb018921581" testName="MatrixMultiplyTest1" computerName="10266A-GEN-DEV" duration="00:00:00.0084889" startTime="2022-06-29T03:33:43.1201172-07:00" endTime="2022-06-29T03:33:43.2089843-07:00" testType="13cdc9d9-ddb5-4fa4-a97d-d965ccfc6d4b" outcome="Passed" testListId="8c84fa94-04c1-424b-9868-57a2d4851a1d" relativeResultsDirectory="c901e884-5d26-4249-be21-efa870e0cde3">
    </UnitTestResult>
    <UnitTestResult executionId="1e09e20a-1394-4bf6-aa12-f4439909e671" testId="16e12141-9207-2540-ef3e-b656cbc6231c" testName="MatrixMultiplyTest2" computerName="10266A-GEN-DEV" duration="00:00:00.0012724" startTime="2022-06-29T03:33:43.2109375-07:00" endTime="2022-06-29T03:33:43.2128906-07:00" testType="13cdc9d9-ddb5-4fa4-a97d-d965ccfc6d4b" outcome="Passed" testListId="8c84fa94-04c1-424b-9868-57a2d4851a1d" relativeResultsDirectory="1e09e20a-1394-4bf6-aa12-f4439909e671">
    </UnitTestResult>
    <UnitTestResult executionId="e096d203-b50b-4e31-8290-9d962b3766ec" testId="48bb4ce0-916f-fd78-cb24-8c67a8d2a76b" testName="MatrixMultiplyTest3" computerName="10266A-GEN-DEV" duration="00:00:00.0066173" startTime="2022-06-29T03:33:43.2128906-07:00" endTime="2022-06-29T03:33:43.2216797-07:00" testType="13cdc9d9-ddb5-4fa4-a97d-d965ccfc6d4b" outcome="Failed" testListId="8c84fa94-04c1-424b-9868-57a2d4851a1d" relativeResultsDirectory="e096d203-b50b-4e31-8290-9d962b3766ec">
      <Output>
        <ErrorInfo>
          <Message>Test method Lab4UnitTests.MatrixTest.MatrixMultiplyTest3 threw exception System.IndexOutOfRangeException, but exception System.ArgumentException was expected. Exception message: System.IndexOutOfRangeException: Index was outside the bounds of the array.</Message>
          <StackTrace>    at MatrixMultiplication.Matrix.MatrixMultiply(Double[,] matrix1, Double[,] matrix2) in E:\Labfiles\Lab 4\Ex2\Starter\MatrixMultiplication\Matrix.cs:line 51
   at Lab4UnitTests.MatrixTest.MatrixMultiplyTest3() in E:\Labfiles\Lab 4\Ex2\Starter\Matrix Unit Test Project\Test References\MatrixTest.cs:line 107
</StackTrace>
        </ErrorInfo>
      </Output>
    </UnitTestResult>
  </Results>
</TestRun>