<?xml version="1.0" encoding="UTF-8"?>
<TestRun id="55d95ee7-0051-4c00-be3d-9b8030e96f5e" name="Student@10266A-GEN-DEV 2022-06-28 23:40:05" runUser="10266A-GEN-DEV\Student" xmlns="http://microsoft.com/schemas/VisualStudio/TeamTest/2010">
  <TestSettings name="Local" id="0708a396-de10-4a2d-a413-145187a6972c">
    <Description>These are default test settings for a local test run.</Description>
    <Deployment enabled="false" runDeploymentRoot="Student_10266A-GEN-DEV 2022-06-28 23_40_05">
      <DeploymentItem filename="E:\Labfiles\Lab 3\Ex2\Starter\GreatestCommonDivisor\bin\Debug\Module3.exe" />
    </Deployment>
    <Execution>
      <TestTypeSpecific />
      <AgentRule name="Execution Agents">
      </AgentRule>
    </Execution>
  </TestSettings>
  <Times creation="2022-06-28T23:40:05.5800781-07:00" queuing="2022-06-28T23:40:05.5849609-07:00" start="2022-06-28T23:40:05.5898437-07:00" finish="2022-06-28T23:40:05.7255859-07:00" />
  <ResultSummary outcome="Completed">
    <Counters total="5" executed="5" passed="5" error="0" failed="0" timeout="0" aborted="0" inconclusive="0" passedButRunAborted="0" notRunnable="0" notExecuted="0" disconnected="0" warning="0" completed="0" inProgress="0" pending="0" />
  </ResultSummary>
  <TestDefinitions>
    <UnitTest name="FindGCDEuclidTest2" storage="e:\labfiles\lab 3\ex2\starter\gcd test project\bin\debug\gcd test project.dll" id="d3a316a8-be00-b285-d7d4-78e834fb9d25">
      <Execution id="8c16a76f-8b4b-4d52-b518-40a967ed2d0b" />
      <TestMethod codeBase="E:/Labfiles/Lab 3/Ex2/Starter/GCD Test Project/bin/Debug/GCD Test Project.DLL" adapterTypeName="Microsoft.VisualStudio.TestTools.TestTypes.Unit.UnitTestAdapter, Microsoft.VisualStudio.QualityTools.Tips.UnitTest.Adapter, Version=10.0.0.0, Culture=neutral, PublicKeyToken=b03f5f7f11d50a3a" className="GCD_Test_Project.GCDAlgorithmsTest, GCD Test Project, Version=1.0.0.0, Culture=neutral, PublicKeyToken=null" name="FindGCDEuclidTest2" />
    </UnitTest>
    <UnitTest name="FindGCDEuclidTest" storage="e:\labfiles\lab 3\ex2\starter\gcd test project\bin\debug\gcd test project.dll" id="67d06ec2-a81d-a48a-4bd7-d6a5d20f3438">
      <Execution id="f77b78b7-e3ad-4895-bf94-6a00b9b83936" />
      <TestMethod codeBase="E:/Labfiles/Lab 3/Ex2/Starter/GCD Test Project/bin/Debug/GCD Test Project.DLL" adapterTypeName="Microsoft.VisualStudio.TestTools.TestTypes.Unit.UnitTestAdapter, Microsoft.VisualStudio.QualityTools.Tips.UnitTest.Adapter, Version=10.0.0.0, Culture=neutral, PublicKeyToken=b03f5f7f11d50a3a" className="GCD_Test_Project.GCDAlgorithmsTest, GCD Test Project, Version=1.0.0.0, Culture=neutral, PublicKeyToken=null" name="FindGCDEuclidTest" />
    </UnitTest>
    <UnitTest name="FindGCDEuclidTest1" storage="e:\labfiles\lab 3\ex2\starter\gcd test project\bin\debug\gcd test project.dll" id="1ed9e01c-9dc1-b22e-6f78-723d9cad00a5">
      <Execution id="437733f7-a435-4a0a-ad45-76f871d53de9" />
      <TestMethod codeBase="E:/Labfiles/Lab 3/Ex2/Starter/GCD Test Project/bin/Debug/GCD Test Project.DLL" adapterTypeName="Microsoft.VisualStudio.TestTools.TestTypes.Unit.UnitTestAdapter, Microsoft.VisualStudio.QualityTools.Tips.UnitTest.Adapter, Version=10.0.0.0, Culture=neutral, PublicKeyToken=b03f5f7f11d50a3a" className="GCD_Test_Project.GCDAlgorithmsTest, GCD Test Project, Version=1.0.0.0, Culture=neutral, PublicKeyToken=null" name="FindGCDEuclidTest1" />
    </UnitTest>
    <UnitTest name="FindGCDEuclidTest3" storage="e:\labfiles\lab 3\ex2\starter\gcd test project\bin\debug\gcd test project.dll" id="4d58124e-6cc2-cca7-419a-b8f9803a35a5">
      <Execution id="ab3a6993-c880-4d78-912b-bfbcb00c527f" />
      <TestMethod codeBase="E:/Labfiles/Lab 3/Ex2/Starter/GCD Test Project/bin/Debug/GCD Test Project.DLL" adapterTypeName="Microsoft.VisualStudio.TestTools.TestTypes.Unit.UnitTestAdapter, Microsoft.VisualStudio.QualityTools.Tips.UnitTest.Adapter, Version=10.0.0.0, Culture=neutral, PublicKeyToken=b03f5f7f11d50a3a" className="GCD_Test_Project.GCDAlgorithmsTest, GCD Test Project, Version=1.0.0.0, Culture=neutral, PublicKeyToken=null" name="FindGCDEuclidTest3" />
    </UnitTest>
    <UnitTest name="FindGCDEuclidTest4" storage="e:\labfiles\lab 3\ex2\starter\gcd test project\bin\debug\gcd test project.dll" id="7129b914-6b2b-2413-638d-a50aa7883a80">
      <Execution id="178e9e27-1ed5-46dc-80b2-6ca2729700b6" />
      <TestMethod codeBase="E:/Labfiles/Lab 3/Ex2/Starter/GCD Test Project/bin/Debug/GCD Test Project.DLL" adapterTypeName="Microsoft.VisualStudio.TestTools.TestTypes.Unit.UnitTestAdapter, Microsoft.VisualStudio.QualityTools.Tips.UnitTest.Adapter, Version=10.0.0.0, Culture=neutral, PublicKeyToken=b03f5f7f11d50a3a" className="GCD_Test_Project.GCDAlgorithmsTest, GCD Test Project, Version=1.0.0.0, Culture=neutral, PublicKeyToken=null" name="FindGCDEuclidTest4" />
    </UnitTest>
  </TestDefinitions>
  <TestLists>
    <TestList name="Results Not in a List" id="8c84fa94-04c1-424b-9868-57a2d4851a1d" />
    <TestList name="All Loaded Results" id="19431567-8539-422a-85d7-44ee4e166bda" />
  </TestLists>
  <TestEntries>
    <TestEntry testId="1ed9e01c-9dc1-b22e-6f78-723d9cad00a5" executionId="437733f7-a435-4a0a-ad45-76f871d53de9" testListId="8c84fa94-04c1-424b-9868-57a2d4851a1d" />
    <TestEntry testId="4d58124e-6cc2-cca7-419a-b8f9803a35a5" executionId="ab3a6993-c880-4d78-912b-bfbcb00c527f" testListId="8c84fa94-04c1-424b-9868-57a2d4851a1d" />
    <TestEntry testId="67d06ec2-a81d-a48a-4bd7-d6a5d20f3438" executionId="f77b78b7-e3ad-4895-bf94-6a00b9b83936" testListId="8c84fa94-04c1-424b-9868-57a2d4851a1d" />
    <TestEntry testId="7129b914-6b2b-2413-638d-a50aa7883a80" executionId="178e9e27-1ed5-46dc-80b2-6ca2729700b6" testListId="8c84fa94-04c1-424b-9868-57a2d4851a1d" />
    <TestEntry testId="d3a316a8-be00-b285-d7d4-78e834fb9d25" executionId="8c16a76f-8b4b-4d52-b518-40a967ed2d0b" testListId="8c84fa94-04c1-424b-9868-57a2d4851a1d" />
  </TestEntries>
  <Results>
    <UnitTestResult executionId="437733f7-a435-4a0a-ad45-76f871d53de9" testId="1ed9e01c-9dc1-b22e-6f78-723d9cad00a5" testName="FindGCDEuclidTest1" computerName="10266A-GEN-DEV" duration="00:00:00.0113484" startTime="2022-06-28T23:40:05.5908203-07:00" endTime="2022-06-28T23:40:05.7099609-07:00" testType="13cdc9d9-ddb5-4fa4-a97d-d965ccfc6d4b" outcome="Passed" testListId="8c84fa94-04c1-424b-9868-57a2d4851a1d" relativeResultsDirectory="437733f7-a435-4a0a-ad45-76f871d53de9">
    </UnitTestResult>
    <UnitTestResult executionId="ab3a6993-c880-4d78-912b-bfbcb00c527f" testId="4d58124e-6cc2-cca7-419a-b8f9803a35a5" testName="FindGCDEuclidTest3" computerName="10266A-GEN-DEV" duration="00:00:00.0001923" startTime="2022-06-28T23:40:05.7128906-07:00" endTime="2022-06-28T23:40:05.7138672-07:00" testType="13cdc9d9-ddb5-4fa4-a97d-d965ccfc6d4b" outcome="Passed" testListId="8c84fa94-04c1-424b-9868-57a2d4851a1d" relativeResultsDirectory="ab3a6993-c880-4d78-912b-bfbcb00c527f">
    </UnitTestResult>
    <UnitTestResult executionId="f77b78b7-e3ad-4895-bf94-6a00b9b83936" testId="67d06ec2-a81d-a48a-4bd7-d6a5d20f3438" testName="FindGCDEuclidTest" computerName="10266A-GEN-DEV" duration="00:00:00.0000784" startTime="2022-06-28T23:40:05.7148437-07:00" endTime="2022-06-28T23:40:05.7158203-07:00" testType="13cdc9d9-ddb5-4fa4-a97d-d965ccfc6d4b" outcome="Passed" testListId="8c84fa94-04c1-424b-9868-57a2d4851a1d" relativeResultsDirectory="f77b78b7-e3ad-4895-bf94-6a00b9b83936">
    </UnitTestResult>
    <UnitTestResult executionId="178e9e27-1ed5-46dc-80b2-6ca2729700b6" testId="7129b914-6b2b-2413-638d-a50aa7883a80" testName="FindGCDEuclidTest4" computerName="10266A-GEN-DEV" duration="00:00:00.0000841" startTime="2022-06-28T23:40:05.7158203-07:00" endTime="2022-06-28T23:40:05.7167968-07:00" testType="13cdc9d9-ddb5-4fa4-a97d-d965ccfc6d4b" outcome="Passed" testListId="8c84fa94-04c1-424b-9868-57a2d4851a1d" relativeResultsDirectory="178e9e27-1ed5-46dc-80b2-6ca2729700b6">
    </UnitTestResult>
    <UnitTestResult executionId="8c16a76f-8b4b-4d52-b518-40a967ed2d0b" testId="d3a316a8-be00-b285-d7d4-78e834fb9d25" testName="FindGCDEuclidTest2" computerName="10266A-GEN-DEV" duration="00:00:00.0000936" startTime="2022-06-28T23:40:05.7167968-07:00" endTime="2022-06-28T23:40:05.7207031-07:00" testType="13cdc9d9-ddb5-4fa4-a97d-d965ccfc6d4b" outcome="Passed" testListId="8c84fa94-04c1-424b-9868-57a2d4851a1d" relativeResultsDirectory="8c16a76f-8b4b-4d52-b518-40a967ed2d0b">
    </UnitTestResult>
  </Results>
</TestRun>